  Generando código
  Previous IPDB not found, fall back to full compilation.
  All 136 functions were compiled because no usable IPDB/IOBJ from previous compilation was found.
  Generación de código finalizada
raylib.lib(rcore.obj) : warning LNK4099: no se encontró PDB 'raylib.pdb' con 'raylib.lib(rcore.obj)' o en 'C:\Users\Administrador\Desktop\Asteroids\Asteroid_OtrantoDario\bin\Win32\Release\raylib.pdb'; se vinculará el objeto sin tener en cuenta información de depuración
raylib.lib(rglfw.obj) : warning LNK4099: no se encontró PDB 'raylib.pdb' con 'raylib.lib(rglfw.obj)' o en 'C:\Users\Administrador\Desktop\Asteroids\Asteroid_OtrantoDario\bin\Win32\Release\raylib.pdb'; se vinculará el objeto sin tener en cuenta información de depuración
raylib.lib(rshapes.obj) : warning LNK4099: no se encontró PDB 'raylib.pdb' con 'raylib.lib(rshapes.obj)' o en 'C:\Users\Administrador\Desktop\Asteroids\Asteroid_OtrantoDario\bin\Win32\Release\raylib.pdb'; se vinculará el objeto sin tener en cuenta información de depuración
raylib.lib(rtext.obj) : warning LNK4099: no se encontró PDB 'raylib.pdb' con 'raylib.lib(rtext.obj)' o en 'C:\Users\Administrador\Desktop\Asteroids\Asteroid_OtrantoDario\bin\Win32\Release\raylib.pdb'; se vinculará el objeto sin tener en cuenta información de depuración
raylib.lib(rtextures.obj) : warning LNK4099: no se encontró PDB 'raylib.pdb' con 'raylib.lib(rtextures.obj)' o en 'C:\Users\Administrador\Desktop\Asteroids\Asteroid_OtrantoDario\bin\Win32\Release\raylib.pdb'; se vinculará el objeto sin tener en cuenta información de depuración
raylib.lib(utils.obj) : warning LNK4099: no se encontró PDB 'raylib.pdb' con 'raylib.lib(utils.obj)' o en 'C:\Users\Administrador\Desktop\Asteroids\Asteroid_OtrantoDario\bin\Win32\Release\raylib.pdb'; se vinculará el objeto sin tener en cuenta información de depuración
  Asteroid_OtrantoDario.vcxproj -> C:\Users\Administrador\Desktop\Asteroids\Asteroid_OtrantoDario\bin\Win32\Release\Asteroid_OtrantoDario.exe
  C:\Users\Administrador\Desktop\Asteroids\Asteroid_OtrantoDario\lib\raylib-4.0.0_win32_msvc16\LICENSE
  C:\Users\Administrador\Desktop\Asteroids\Asteroid_OtrantoDario\lib\raylib-4.0.0_win32_msvc16\README.md
  C:\Users\Administrador\Desktop\Asteroids\Asteroid_OtrantoDario\lib\raylib-4.0.0_win32_msvc16\include\raygui.h
  C:\Users\Administrador\Desktop\Asteroids\Asteroid_OtrantoDario\lib\raylib-4.0.0_win32_msvc16\include\raylib.h
  C:\Users\Administrador\Desktop\Asteroids\Asteroid_OtrantoDario\lib\raylib-4.0.0_win32_msvc16\include\raymath.h
  C:\Users\Administrador\Desktop\Asteroids\Asteroid_OtrantoDario\lib\raylib-4.0.0_win32_msvc16\include\rlgl.h
  C:\Users\Administrador\Desktop\Asteroids\Asteroid_OtrantoDario\lib\raylib-4.0.0_win32_msvc16\lib\raylib.dll
  C:\Users\Administrador\Desktop\Asteroids\Asteroid_OtrantoDario\lib\raylib-4.0.0_win32_msvc16\lib\raylib.lib
  C:\Users\Administrador\Desktop\Asteroids\Asteroid_OtrantoDario\lib\raylib-4.0.0_win32_msvc16\lib\raylibdll.lib
  9 archivo(s) copiado(s)
  No se encuentra el archivo: res
  0 archivo(s) copiado(s)
