  main.cpp
  credits.cpp
  gameplay.cpp
  game.cpp
  general_Func.cpp
  mainMenu.cpp
  options.cpp
  rules.cpp
  asteroid.cpp
  bullet.cpp
  button.cpp
  spaceship.cpp
  Generando código...
gameplay.obj : error LNK2005: ya se definió "void __cdecl checkInput(bool &)" (?checkInput@@YAXAEA_N@Z) en credits.obj
rules.obj : error LNK2019: símbolo externo GetScreenWidth sin resolver al que se hace referencia en la función "void __cdecl drawRules(struct Color,struct Color)" (?drawRules@@YAXUColor@@0@Z)
asteroid.obj : error LNK2001: símbolo externo GetScreenWidth sin resolver
spaceship.obj : error LNK2001: símbolo externo GetScreenWidth sin resolver
credits.obj : error LNK2001: símbolo externo GetScreenWidth sin resolver
gameplay.obj : error LNK2001: símbolo externo GetScreenWidth sin resolver
mainMenu.obj : error LNK2001: símbolo externo GetScreenWidth sin resolver
options.obj : error LNK2001: símbolo externo GetScreenWidth sin resolver
rules.obj : error LNK2019: símbolo externo GetScreenHeight sin resolver al que se hace referencia en la función "void __cdecl drawRules(struct Color,struct Color)" (?drawRules@@YAXUColor@@0@Z)
asteroid.obj : error LNK2001: símbolo externo GetScreenHeight sin resolver
spaceship.obj : error LNK2001: símbolo externo GetScreenHeight sin resolver
credits.obj : error LNK2001: símbolo externo GetScreenHeight sin resolver
gameplay.obj : error LNK2001: símbolo externo GetScreenHeight sin resolver
mainMenu.obj : error LNK2001: símbolo externo GetScreenHeight sin resolver
options.obj : error LNK2001: símbolo externo GetScreenHeight sin resolver
rules.obj : error LNK2019: símbolo externo ClearBackground sin resolver al que se hace referencia en la función "void __cdecl drawRules(struct Color,struct Color)" (?drawRules@@YAXUColor@@0@Z)
credits.obj : error LNK2001: símbolo externo ClearBackground sin resolver
gameplay.obj : error LNK2001: símbolo externo ClearBackground sin resolver
mainMenu.obj : error LNK2001: símbolo externo ClearBackground sin resolver
options.obj : error LNK2001: símbolo externo ClearBackground sin resolver
rules.obj : error LNK2019: símbolo externo BeginDrawing sin resolver al que se hace referencia en la función "int __cdecl rulesLoop(bool &,struct Color,struct Color)" (?rulesLoop@@YAHAEA_NUColor@@1@Z)
credits.obj : error LNK2001: símbolo externo BeginDrawing sin resolver
gameplay.obj : error LNK2001: símbolo externo BeginDrawing sin resolver
mainMenu.obj : error LNK2001: símbolo externo BeginDrawing sin resolver
options.obj : error LNK2001: símbolo externo BeginDrawing sin resolver
rules.obj : error LNK2019: símbolo externo EndDrawing sin resolver al que se hace referencia en la función "int __cdecl rulesLoop(bool &,struct Color,struct Color)" (?rulesLoop@@YAHAEA_NUColor@@1@Z)
credits.obj : error LNK2001: símbolo externo EndDrawing sin resolver
gameplay.obj : error LNK2001: símbolo externo EndDrawing sin resolver
mainMenu.obj : error LNK2001: símbolo externo EndDrawing sin resolver
options.obj : error LNK2001: símbolo externo EndDrawing sin resolver
rules.obj : error LNK2019: símbolo externo IsKeyPressed sin resolver al que se hace referencia en la función "void __cdecl checkInputR(bool &)" (?checkInputR@@YAXAEA_N@Z)
credits.obj : error LNK2001: símbolo externo IsKeyPressed sin resolver
gameplay.obj : error LNK2001: símbolo externo IsKeyPressed sin resolver
mainMenu.obj : error LNK2001: símbolo externo IsKeyPressed sin resolver
options.obj : error LNK2001: símbolo externo IsKeyPressed sin resolver
rules.obj : error LNK2019: símbolo externo DrawText sin resolver al que se hace referencia en la función "void __cdecl drawRules(struct Color,struct Color)" (?drawRules@@YAXUColor@@0@Z)
credits.obj : error LNK2001: símbolo externo DrawText sin resolver
gameplay.obj : error LNK2001: símbolo externo DrawText sin resolver
mainMenu.obj : error LNK2001: símbolo externo DrawText sin resolver
options.obj : error LNK2001: símbolo externo DrawText sin resolver
credits.obj : error LNK2019: símbolo externo MeasureText sin resolver al que se hace referencia en la función "void __cdecl drawCredits(void)" (?drawCredits@@YAXXZ)
mainMenu.obj : error LNK2001: símbolo externo MeasureText sin resolver
options.obj : error LNK2001: símbolo externo MeasureText sin resolver
rules.obj : error LNK2001: símbolo externo MeasureText sin resolver
gameplay.obj : error LNK2019: símbolo externo IsCursorOnScreen sin resolver al que se hace referencia en la función "void __cdecl checkInput(bool &)" (?checkInput@@YAXAEA_N@Z)
gameplay.obj : error LNK2019: símbolo externo GetRandomValue sin resolver al que se hace referencia en la función "void __cdecl bulletAsteroidColition(struct Bullet &,struct Asteroid &)" (?bulletAsteroidColition@@YAXAEAUBullet@@AEAUAsteroid@@@Z)
asteroid.obj : error LNK2001: símbolo externo GetRandomValue sin resolver
gameplay.obj : error LNK2019: símbolo externo IsMouseButtonPressed sin resolver al que se hace referencia en la función "void __cdecl checkInput(bool &)" (?checkInput@@YAXAEA_N@Z)
mainMenu.obj : error LNK2001: símbolo externo IsMouseButtonPressed sin resolver
gameplay.obj : error LNK2019: símbolo externo IsMouseButtonDown sin resolver al que se hace referencia en la función "void __cdecl checkInput(bool &)" (?checkInput@@YAXAEA_N@Z)
gameplay.obj : error LNK2019: símbolo externo GetMouseX sin resolver al que se hace referencia en la función "void __cdecl checkInput(bool &)" (?checkInput@@YAXAEA_N@Z)
gameplay.obj : error LNK2019: símbolo externo GetMouseY sin resolver al que se hace referencia en la función "void __cdecl checkInput(bool &)" (?checkInput@@YAXAEA_N@Z)
gameplay.obj : error LNK2019: símbolo externo GetMousePosition sin resolver al que se hace referencia en la función "void __cdecl checkInput(bool &)" (?checkInput@@YAXAEA_N@Z)
mainMenu.obj : error LNK2001: símbolo externo GetMousePosition sin resolver
gameplay.obj : error LNK2019: símbolo externo DrawRectangle sin resolver al que se hace referencia en la función "void __cdecl drawGameplay(void)" (?drawGameplay@@YAXXZ)
mainMenu.obj : error LNK2001: símbolo externo DrawRectangle sin resolver
button.obj : error LNK2001: símbolo externo DrawRectangle sin resolver
gameplay.obj : error LNK2019: símbolo externo CheckCollisionPointRec sin resolver al que se hace referencia en la función "void __cdecl mouseButtonColition(void)" (?mouseButtonColition@@YAXXZ)
mainMenu.obj : error LNK2001: símbolo externo CheckCollisionPointRec sin resolver
gameplay.obj : error LNK2019: símbolo externo DrawTexture sin resolver al que se hace referencia en la función "void __cdecl drawGameplay(void)" (?drawGameplay@@YAXXZ)
gameplay.obj : error LNK2019: símbolo externo DrawTextureEx sin resolver al que se hace referencia en la función "void __cdecl drawGameplay(void)" (?drawGameplay@@YAXXZ)
mainMenu.obj : error LNK2001: símbolo externo DrawTextureEx sin resolver
gameplay.obj : error LNK2019: símbolo externo TextFormat sin resolver al que se hace referencia en la función "void __cdecl drawGameplay(void)" (?drawGameplay@@YAXXZ)
mainMenu.obj : error LNK2001: símbolo externo TextFormat sin resolver
game.obj : error LNK2019: símbolo externo InitWindow sin resolver al que se hace referencia en la función "void __cdecl ejecuteGame(void)" (?ejecuteGame@@YAXXZ)
game.obj : error LNK2019: símbolo externo WindowShouldClose sin resolver al que se hace referencia en la función "void __cdecl ejecuteGame(void)" (?ejecuteGame@@YAXXZ)
game.obj : error LNK2019: símbolo externo SetExitKey sin resolver al que se hace referencia en la función "void __cdecl ejecuteGame(void)" (?ejecuteGame@@YAXXZ)
game.obj : error LNK2019: símbolo externo LoadTexture sin resolver al que se hace referencia en la función "void __cdecl loadTextures(void)" (?loadTextures@@YAXXZ)
game.obj : error LNK2019: símbolo externo UnloadTexture sin resolver al que se hace referencia en la función "void __cdecl unloadTextures(void)" (?unloadTextures@@YAXXZ)
options.obj : error LNK2019: símbolo externo ToggleFullscreen sin resolver al que se hace referencia en la función "int __cdecl optionsLoop(bool &,int &,int &)" (?optionsLoop@@YAHAEA_NAEAH1@Z)
options.obj : error LNK2019: símbolo externo SetWindowSize sin resolver al que se hace referencia en la función "int __cdecl optionsLoop(bool &,int &,int &)" (?optionsLoop@@YAHAEA_NAEAH1@Z)
options.obj : error LNK2019: símbolo externo DrawRectangleRec sin resolver al que se hace referencia en la función "void __cdecl drawOptions(int,struct Rectangle,struct Rectangle)" (?drawOptions@@YAXHURectangle@@0@Z)
asteroid.obj : error LNK2019: símbolo externo GetFrameTime sin resolver al que se hace referencia en la función "void __cdecl moveAsteroid(struct Asteroid &)" (?moveAsteroid@@YAXAEAUAsteroid@@@Z)
bullet.obj : error LNK2001: símbolo externo GetFrameTime sin resolver
spaceship.obj : error LNK2001: símbolo externo GetFrameTime sin resolver
asteroid.obj : error LNK2019: símbolo externo DrawCircle sin resolver al que se hace referencia en la función "void __cdecl drawAsteroid(struct Asteroid)" (?drawAsteroid@@YAXUAsteroid@@@Z)
bullet.obj : error LNK2001: símbolo externo DrawCircle sin resolver
spaceship.obj : error LNK2001: símbolo externo DrawCircle sin resolver
asteroid.obj : error LNK2019: símbolo externo DrawTexturePro sin resolver al que se hace referencia en la función "void __cdecl drawAsteroid(struct Asteroid)" (?drawAsteroid@@YAXUAsteroid@@@Z)
bullet.obj : error LNK2001: símbolo externo DrawTexturePro sin resolver
spaceship.obj : error LNK2001: símbolo externo DrawTexturePro sin resolver
C:\Users\DARIO\Asteroids\Asteroid_OtrantoDario\bin\x64\Debug\Asteroid_OtrantoDario.exe : fatal error LNK1120: 31 externos sin resolver
